TN:
SF:src\static\js\main-modules.js
FN:15,(anonymous_0)
FN:20,(anonymous_1)
FN:22,(anonymous_2)
FN:27,(anonymous_3)
FN:29,(anonymous_4)
FN:34,(anonymous_5)
FN:36,(anonymous_6)
FN:41,(anonymous_7)
FN:47,(anonymous_8)
FN:97,(anonymous_9)
FN:104,(anonymous_10)
FN:105,(anonymous_11)
FN:128,toggleDarkMode
FNF:13
FNH:0
FNDA:0,(anonymous_0)
FNDA:0,(anonymous_1)
FNDA:0,(anonymous_2)
FNDA:0,(anonymous_3)
FNDA:0,(anonymous_4)
FNDA:0,(anonymous_5)
FNDA:0,(anonymous_6)
FNDA:0,(anonymous_7)
FNDA:0,(anonymous_8)
FNDA:0,(anonymous_9)
FNDA:0,(anonymous_10)
FNDA:0,(anonymous_11)
FNDA:0,toggleDarkMode
DA:14,0
DA:15,0
DA:16,0
DA:17,0
DA:18,0
DA:20,0
DA:22,0
DA:23,0
DA:24,0
DA:25,0
DA:27,0
DA:29,0
DA:30,0
DA:31,0
DA:32,0
DA:34,0
DA:36,0
DA:37,0
DA:38,0
DA:39,0
DA:41,0
DA:43,0
DA:47,0
DA:49,0
DA:50,0
DA:51,0
DA:52,0
DA:54,0
DA:58,0
DA:59,0
DA:60,0
DA:64,0
DA:65,0
DA:66,0
DA:68,0
DA:69,0
DA:70,0
DA:72,0
DA:73,0
DA:74,0
DA:76,0
DA:77,0
DA:78,0
DA:82,0
DA:83,0
DA:84,0
DA:87,0
DA:88,0
DA:89,0
DA:94,0
DA:95,0
DA:96,0
DA:97,0
DA:98,0
DA:99,0
DA:104,0
DA:105,0
DA:106,0
DA:107,0
DA:109,0
DA:110,0
DA:111,0
DA:112,0
DA:118,0
DA:119,0
DA:120,0
DA:129,0
DA:130,0
DA:131,0
DA:133,0
DA:134,0
DA:135,0
DA:140,0
LF:73
LH:0
BRDA:17,0,0,0
BRDA:17,0,1,0
BRDA:17,1,0,0
BRDA:17,1,1,0
BRDA:24,2,0,0
BRDA:24,2,1,0
BRDA:24,3,0,0
BRDA:24,3,1,0
BRDA:31,4,0,0
BRDA:31,4,1,0
BRDA:31,5,0,0
BRDA:31,5,1,0
BRDA:38,6,0,0
BRDA:38,6,1,0
BRDA:38,7,0,0
BRDA:38,7,1,0
BRDA:50,8,0,0
BRDA:50,8,1,0
BRDA:58,9,0,0
BRDA:58,9,1,0
BRDA:64,10,0,0
BRDA:64,10,1,0
BRDA:68,11,0,0
BRDA:68,11,1,0
BRDA:72,12,0,0
BRDA:72,12,1,0
BRDA:76,13,0,0
BRDA:76,13,1,0
BRDA:83,14,0,0
BRDA:83,14,1,0
BRDA:87,15,0,0
BRDA:87,15,1,0
BRDA:96,16,0,0
BRDA:96,16,1,0
BRDA:96,17,0,0
BRDA:96,17,1,0
BRDA:107,18,0,0
BRDA:107,18,1,0
BRDA:110,19,0,0
BRDA:110,19,1,0
BRDA:118,20,0,0
BRDA:118,20,1,0
BRDA:118,21,0,0
BRDA:118,21,1,0
BRDA:120,22,0,0
BRDA:120,22,1,0
BRDA:134,23,0,0
BRDA:134,23,1,0
BRDA:135,24,0,0
BRDA:135,24,1,0
BRF:50
BRH:0
end_of_record
TN:
SF:src\static\js\main.js
FN:2,(anonymous_0)
FN:7,(anonymous_1)
FN:12,(anonymous_2)
FN:19,(anonymous_3)
FN:26,(anonymous_4)
FN:35,(anonymous_5)
FNF:6
FNH:0
FNDA:0,(anonymous_0)
FNDA:0,(anonymous_1)
FNDA:0,(anonymous_2)
FNDA:0,(anonymous_3)
FNDA:0,(anonymous_4)
FNDA:0,(anonymous_5)
DA:2,0
DA:3,0
DA:4,0
DA:6,0
DA:7,0
DA:8,0
DA:11,0
DA:12,0
DA:15,0
DA:19,0
DA:20,0
DA:23,0
DA:25,0
DA:26,0
DA:28,0
DA:35,0
DA:36,0
DA:37,0
DA:54,0
LF:19
LH:0
BRDA:6,0,0,0
BRDA:6,0,1,0
BRDA:20,1,0,0
BRDA:20,1,1,0
BRDA:20,2,0,0
BRDA:20,2,1,0
BRDA:20,2,2,0
BRF:7
BRH:0
end_of_record
TN:
SF:src\static\js\mobile-touch.js
FN:6,(anonymous_0)
FN:40,initTouchFeedback
FN:42,(anonymous_2)
FN:50,(anonymous_3)
FN:51,(anonymous_4)
FN:52,(anonymous_5)
FN:62,initSwipeDetection
FN:71,(anonymous_7)
FN:77,(anonymous_8)
FN:84,handleSwipe
FN:105,handleRightSwipe
FN:119,handleLeftSwipe
FN:133,isElementVisible
FN:149,fixIOSViewportHeight
FN:151,setVhProperty
FN:178,initOrientationHandler
FN:179,handleOrientationChange
FN:205,adjustUIForOrientation
FN:226,fixPositionFixedElements
FN:231,(anonymous_19)
FN:239,preventDoubleTapZoom
FN:253,addTouchClasses
FN:257,(anonymous_22)
FN:264,(anonymous_23)
FNF:24
FNH:0
FNDA:0,(anonymous_0)
FNDA:0,initTouchFeedback
FNDA:0,(anonymous_2)
FNDA:0,(anonymous_3)
FNDA:0,(anonymous_4)
FNDA:0,(anonymous_5)
FNDA:0,initSwipeDetection
FNDA:0,(anonymous_7)
FNDA:0,(anonymous_8)
FNDA:0,handleSwipe
FNDA:0,handleRightSwipe
FNDA:0,handleLeftSwipe
FNDA:0,isElementVisible
FNDA:0,fixIOSViewportHeight
FNDA:0,setVhProperty
FNDA:0,initOrientationHandler
FNDA:0,handleOrientationChange
FNDA:0,adjustUIForOrientation
FNDA:0,fixPositionFixedElements
FNDA:0,(anonymous_19)
FNDA:0,preventDoubleTapZoom
FNDA:0,addTouchClasses
FNDA:0,(anonymous_22)
FNDA:0,(anonymous_23)
DA:6,0
DA:8,0
DA:10,0
DA:11,0
DA:12,0
DA:15,0
DA:18,0
DA:21,0
DA:24,0
DA:27,0
DA:30,0
DA:33,0
DA:42,0
DA:43,0
DA:44,0
DA:45,0
DA:50,0
DA:51,0
DA:52,0
DA:53,0
DA:63,0
DA:64,0
DA:65,0
DA:66,0
DA:68,0
DA:71,0
DA:72,0
DA:73,0
DA:77,0
DA:78,0
DA:79,0
DA:81,0
DA:85,0
DA:86,0
DA:89,0
DA:91,0
DA:92,0
DA:94,0
DA:97,0
DA:107,0
DA:108,0
DA:110,0
DA:111,0
DA:112,0
DA:113,0
DA:121,0
DA:122,0
DA:124,0
DA:125,0
DA:126,0
DA:127,0
DA:134,0
DA:136,0
DA:137,0
DA:153,0
DA:154,0
DA:158,0
DA:161,0
DA:162,0
DA:165,0
DA:166,0
DA:172,0
DA:180,0
DA:182,0
DA:183,0
DA:184,0
DA:186,0
DA:187,0
DA:191,0
DA:195,0
DA:198,0
DA:199,0
DA:207,0
DA:208,0
DA:209,0
DA:210,0
DA:211,0
DA:215,0
DA:216,0
DA:217,0
DA:218,0
DA:219,0
DA:229,0
DA:231,0
DA:232,0
DA:241,0
DA:242,0
DA:247,0
DA:255,0
DA:257,0
DA:258,0
DA:262,0
DA:264,0
DA:265,0
LF:94
LH:0
BRDA:8,0,0,0
BRDA:8,0,1,0
BRDA:10,1,0,0
BRDA:10,1,1,0
BRDA:44,2,0,0
BRDA:44,2,1,0
BRDA:89,3,0,0
BRDA:89,3,1,0
BRDA:91,4,0,0
BRDA:91,4,1,0
BRDA:92,5,0,0
BRDA:92,5,1,0
BRDA:108,6,0,0
BRDA:108,6,1,0
BRDA:111,7,0,0
BRDA:111,7,1,0
BRDA:122,8,0,0
BRDA:122,8,1,0
BRDA:125,9,0,0
BRDA:125,9,1,0
BRDA:134,10,0,0
BRDA:134,10,1,0
BRDA:138,11,0,0
BRDA:138,11,1,0
BRDA:138,11,2,0
BRDA:138,11,3,0
BRDA:140,12,0,0
BRDA:140,12,1,0
BRDA:141,13,0,0
BRDA:141,13,1,0
BRDA:182,14,0,0
BRDA:182,14,1,0
BRDA:208,15,0,0
BRDA:208,15,1,0
BRDA:208,16,0,0
BRDA:208,16,1,0
BRDA:210,17,0,0
BRDA:210,17,1,0
BRDA:216,18,0,0
BRDA:216,18,1,0
BRDA:216,19,0,0
BRDA:216,19,1,0
BRDA:218,20,0,0
BRDA:218,20,1,0
BRF:44
BRH:0
end_of_record
TN:
SF:src\static\js\modules\document-analyzer.js
FN:6,(anonymous_0)
FN:82,detectDocumentType
FN:86,(anonymous_2)
FN:88,(anonymous_3)
FN:104,extractDataFromDocument
FN:108,(anonymous_5)
FN:110,(anonymous_6)
FN:115,(anonymous_7)
FN:150,validateExtractedData
FN:154,(anonymous_9)
FN:189,(anonymous_10)
FN:190,(anonymous_11)
FN:197,(anonymous_12)
FN:205,(anonymous_13)
FN:208,(anonymous_14)
FN:210,(anonymous_15)
FN:234,(anonymous_16)
FN:247,(anonymous_17)
FN:260,(anonymous_18)
FN:304,(anonymous_19)
FN:310,(anonymous_20)
FN:370,(anonymous_21)
FN:382,(anonymous_22)
FN:397,(anonymous_23)
FN:402,(anonymous_24)
FN:407,(anonymous_25)
FN:411,(anonymous_26)
FN:421,(anonymous_27)
FN:428,(anonymous_28)
FN:455,(anonymous_29)
FN:461,(anonymous_30)
FN:493,(anonymous_31)
FN:494,(anonymous_32)
FN:515,(anonymous_33)
FN:521,(anonymous_34)
FN:526,(anonymous_35)
FN:537,(anonymous_36)
FN:542,(anonymous_37)
FN:548,(anonymous_38)
FN:552,(anonymous_39)
FN:558,(anonymous_40)
FN:577,(anonymous_41)
FNF:42
FNH:0
FNDA:0,(anonymous_0)
FNDA:0,detectDocumentType
FNDA:0,(anonymous_2)
FNDA:0,(anonymous_3)
FNDA:0,extractDataFromDocument
FNDA:0,(anonymous_5)
FNDA:0,(anonymous_6)
FNDA:0,(anonymous_7)
FNDA:0,validateExtractedData
FNDA:0,(anonymous_9)
FNDA:0,(anonymous_10)
FNDA:0,(anonymous_11)
FNDA:0,(anonymous_12)
FNDA:0,(anonymous_13)
FNDA:0,(anonymous_14)
FNDA:0,(anonymous_15)
FNDA:0,(anonymous_16)
FNDA:0,(anonymous_17)
FNDA:0,(anonymous_18)
FNDA:0,(anonymous_19)
FNDA:0,(anonymous_20)
FNDA:0,(anonymous_21)
FNDA:0,(anonymous_22)
FNDA:0,(anonymous_23)
FNDA:0,(anonymous_24)
FNDA:0,(anonymous_25)
FNDA:0,(anonymous_26)
FNDA:0,(anonymous_27)
FNDA:0,(anonymous_28)
FNDA:0,(anonymous_29)
FNDA:0,(anonymous_30)
FNDA:0,(anonymous_31)
FNDA:0,(anonymous_32)
FNDA:0,(anonymous_33)
FNDA:0,(anonymous_34)
FNDA:0,(anonymous_35)
FNDA:0,(anonymous_36)
FNDA:0,(anonymous_37)
FNDA:0,(anonymous_38)
FNDA:0,(anonymous_39)
FNDA:0,(anonymous_40)
FNDA:0,(anonymous_41)
DA:6,0
DA:8,0
DA:86,0
DA:88,0
DA:90,0
DA:91,0
DA:92,0
DA:94,0
DA:108,0
DA:110,0
DA:111,0
DA:112,0
DA:115,0
DA:116,0
DA:118,0
DA:119,0
DA:120,0
DA:122,0
DA:123,0
DA:124,0
DA:127,0
DA:128,0
DA:129,0
DA:130,0
DA:132,0
DA:137,0
DA:138,0
DA:141,0
DA:151,0
DA:152,0
DA:154,0
DA:155,0
DA:156,0
DA:157,0
DA:159,0
DA:160,0
DA:161,0
DA:162,0
DA:164,0
DA:165,0
DA:166,0
DA:167,0
DA:169,0
DA:171,0
DA:172,0
DA:173,0
DA:174,0
DA:178,0
DA:184,0
DA:188,0
DA:190,0
DA:198,0
DA:199,0
DA:202,0
DA:206,0
DA:208,0
DA:209,0
DA:210,0
DA:211,0
DA:215,0
DA:218,0
DA:221,0
DA:223,0
DA:234,0
DA:238,0
DA:239,0
DA:248,0
DA:249,0
DA:251,0
DA:252,0
DA:254,0
DA:260,0
DA:261,0
DA:262,0
DA:264,0
DA:269,0
DA:270,0
DA:276,0
DA:277,0
DA:281,0
DA:286,0
DA:292,0
DA:300,0
DA:303,0
DA:304,0
DA:305,0
DA:307,0
DA:308,0
DA:310,0
DA:311,0
DA:312,0
DA:313,0
DA:314,0
DA:317,0
DA:318,0
DA:320,0
DA:321,0
DA:322,0
DA:323,0
DA:324,0
DA:325,0
DA:326,0
DA:327,0
DA:329,0
DA:330,0
DA:331,0
DA:332,0
DA:333,0
DA:337,0
DA:338,0
DA:339,0
DA:340,0
DA:341,0
DA:343,0
DA:344,0
DA:345,0
DA:349,0
DA:351,0
DA:357,0
DA:360,0
DA:369,0
DA:370,0
DA:372,0
DA:373,0
DA:376,0
DA:379,0
DA:383,0
DA:384,0
DA:386,0
DA:389,0
DA:390,0
DA:391,0
DA:392,0
DA:393,0
DA:394,0
DA:397,0
DA:398,0
DA:402,0
DA:403,0
DA:404,0
DA:407,0
DA:408,0
DA:411,0
DA:412,0
DA:413,0
DA:415,0
DA:416,0
DA:421,0
DA:422,0
DA:423,0
DA:428,0
DA:430,0
DA:439,0
DA:441,0
DA:444,0
DA:445,0
DA:455,0
DA:456,0
DA:460,0
DA:461,0
DA:462,0
DA:494,0
DA:495,0
DA:512,0
DA:515,0
DA:516,0
DA:517,0
DA:521,0
DA:523,0
DA:526,0
DA:527,0
DA:528,0
DA:537,0
DA:539,0
DA:542,0
DA:543,0
DA:544,0
DA:548,0
DA:549,0
DA:552,0
DA:553,0
DA:558,0
DA:559,0
DA:563,0
DA:566,0
DA:567,0
DA:577,0
DA:578,0
DA:583,0
LF:189
LH:0
BRDA:116,0,0,0
BRDA:116,0,1,0
BRDA:120,1,0,0
BRDA:120,1,1,0
BRDA:137,2,0,0
BRDA:137,2,1,0
BRDA:159,3,0,0
BRDA:159,3,1,0
BRDA:159,4,0,0
BRDA:159,4,1,0
BRDA:159,4,2,0
BRDA:162,5,0,0
BRDA:162,5,1,0
BRDA:165,6,0,0
BRDA:165,6,1,0
BRDA:169,7,0,0
BRDA:169,7,1,0
BRDA:172,8,0,0
BRDA:172,8,1,0
BRDA:198,9,0,0
BRDA:198,9,1,0
BRDA:247,10,0,0
BRDA:249,11,0,0
BRDA:249,11,1,0
BRDA:252,12,0,0
BRDA:252,12,1,0
BRDA:261,13,0,0
BRDA:261,13,1,0
BRDA:266,14,0,0
BRDA:266,14,1,0
BRDA:266,15,0,0
BRDA:266,15,1,0
BRDA:269,16,0,0
BRDA:269,16,1,0
BRDA:276,17,0,0
BRDA:276,17,1,0
BRDA:320,18,0,0
BRDA:320,18,1,0
BRDA:323,19,0,0
BRDA:323,19,1,0
BRDA:325,20,0,0
BRDA:325,20,1,0
BRDA:329,21,0,0
BRDA:329,21,1,0
BRDA:331,22,0,0
BRDA:331,22,1,0
BRDA:337,23,0,0
BRDA:337,23,1,0
BRDA:349,24,0,0
BRDA:349,24,1,0
BRDA:386,25,0,0
BRDA:386,25,1,0
BRDA:386,26,0,0
BRDA:386,26,1,0
BRDA:415,27,0,0
BRDA:415,27,1,0
BRDA:422,28,0,0
BRDA:422,28,1,0
BRDA:444,29,0,0
BRDA:444,29,1,0
BRDA:469,30,0,0
BRDA:469,30,1,0
BRDA:497,31,0,0
BRDA:497,31,1,0
BRDA:498,32,0,0
BRDA:498,32,1,0
BRDA:498,33,0,0
BRDA:498,33,1,0
BRDA:516,34,0,0
BRDA:516,34,1,0
BRDA:527,35,0,0
BRDA:527,35,1,0
BRDA:543,36,0,0
BRDA:543,36,1,0
BRF:74
BRH:0
end_of_record
TN:
SF:src\static\js\modules\forms.js
FN:6,(anonymous_0)
FN:118,(anonymous_1)
FN:123,(anonymous_2)
FN:128,(anonymous_3)
FN:133,(anonymous_4)
FN:138,(anonymous_5)
FN:152,(anonymous_6)
FN:170,(anonymous_7)
FN:188,(anonymous_8)
FN:202,(anonymous_9)
FN:203,(anonymous_10)
FN:210,(anonymous_11)
FN:211,(anonymous_12)
FN:217,(anonymous_13)
FN:218,(anonymous_14)
FN:226,(anonymous_15)
FN:252,(anonymous_16)
FN:271,(anonymous_17)
FN:302,(anonymous_18)
FN:303,(anonymous_19)
FN:309,(anonymous_20)
FN:317,(anonymous_21)
FN:323,(anonymous_22)
FNF:23
FNH:0
FNDA:0,(anonymous_0)
FNDA:0,(anonymous_1)
FNDA:0,(anonymous_2)
FNDA:0,(anonymous_3)
FNDA:0,(anonymous_4)
FNDA:0,(anonymous_5)
FNDA:0,(anonymous_6)
FNDA:0,(anonymous_7)
FNDA:0,(anonymous_8)
FNDA:0,(anonymous_9)
FNDA:0,(anonymous_10)
FNDA:0,(anonymous_11)
FNDA:0,(anonymous_12)
FNDA:0,(anonymous_13)
FNDA:0,(anonymous_14)
FNDA:0,(anonymous_15)
FNDA:0,(anonymous_16)
FNDA:0,(anonymous_17)
FNDA:0,(anonymous_18)
FNDA:0,(anonymous_19)
FNDA:0,(anonymous_20)
FNDA:0,(anonymous_21)
FNDA:0,(anonymous_22)
DA:6,0
DA:8,0
DA:87,0
DA:116,0
DA:119,0
DA:124,0
DA:129,0
DA:134,0
DA:139,0
DA:140,0
DA:142,0
DA:145,0
DA:152,0
DA:153,0
DA:154,0
DA:157,0
DA:163,0
DA:170,0
DA:171,0
DA:172,0
DA:175,0
DA:181,0
DA:188,0
DA:189,0
DA:190,0
DA:193,0
DA:198,0
DA:199,0
DA:202,0
DA:203,0
DA:204,0
DA:205,0
DA:206,0
DA:210,0
DA:211,0
DA:212,0
DA:213,0
DA:217,0
DA:218,0
DA:219,0
DA:220,0
DA:227,0
DA:253,0
DA:272,0
DA:273,0
DA:276,0
DA:277,0
DA:278,0
DA:299,0
DA:302,0
DA:303,0
DA:304,0
DA:309,0
DA:310,0
DA:311,0
DA:318,0
DA:324,0
LF:57
LH:0
BRDA:119,0,0,0
BRDA:119,0,1,0
BRDA:129,1,0,0
BRDA:129,1,1,0
BRDA:140,2,0,0
BRDA:140,2,1,0
BRDA:273,3,0,0
BRDA:273,3,1,0
BRDA:310,4,0,0
BRDA:310,4,1,0
BRF:10
BRH:0
end_of_record
TN:
SF:src\static\js\modules\micro-steps.js
FN:6,(anonymous_0)
FN:12,init
FN:18,setupEventListeners
FN:20,(anonymous_3)
FN:21,(anonymous_4)
FN:28,(anonymous_5)
FN:29,(anonymous_6)
FN:34,(anonymous_7)
FN:35,(anonymous_8)
FN:42,showMicroStep
FN:44,(anonymous_10)
FN:55,(anonymous_11)
FN:61,(anonymous_12)
FN:80,nextMicroStep
FN:93,prevMicroStep
FN:100,showMicroStepTip
FNF:16
FNH:0
FNDA:0,(anonymous_0)
FNDA:0,init
FNDA:0,setupEventListeners
FNDA:0,(anonymous_3)
FNDA:0,(anonymous_4)
FNDA:0,(anonymous_5)
FNDA:0,(anonymous_6)
FNDA:0,(anonymous_7)
FNDA:0,(anonymous_8)
FNDA:0,showMicroStep
FNDA:0,(anonymous_10)
FNDA:0,(anonymous_11)
FNDA:0,(anonymous_12)
FNDA:0,nextMicroStep
FNDA:0,prevMicroStep
FNDA:0,showMicroStepTip
DA:6,0
DA:8,0
DA:9,0
DA:13,0
DA:14,0
DA:20,0
DA:21,0
DA:22,0
DA:23,0
DA:28,0
DA:29,0
DA:30,0
DA:34,0
DA:35,0
DA:36,0
DA:44,0
DA:45,0
DA:49,0
DA:50,0
DA:51,0
DA:54,0
DA:55,0
DA:56,0
DA:61,0
DA:62,0
DA:63,0
DA:65,0
DA:66,0
DA:67,0
DA:68,0
DA:73,0
DA:76,0
DA:81,0
DA:82,0
DA:85,0
DA:86,0
DA:87,0
DA:94,0
DA:95,0
DA:102,0
DA:104,0
DA:106,0
DA:108,0
DA:109,0
DA:111,0
DA:112,0
DA:114,0
DA:115,0
DA:117,0
DA:118,0
DA:121,0
DA:122,0
DA:127,0
LF:53
LH:0
BRDA:50,0,0,0
BRDA:50,0,1,0
BRDA:65,1,0,0
BRDA:65,1,1,0
BRDA:67,2,0,0
BRDA:67,2,1,0
BRDA:81,3,0,0
BRDA:81,3,1,0
BRDA:86,4,0,0
BRDA:86,4,1,0
BRDA:94,5,0,0
BRDA:94,5,1,0
BRDA:102,6,0,0
BRDA:102,6,1,0
BRDA:106,7,0,0
BRDA:106,7,1,0
BRDA:106,7,2,0
BRDA:106,7,3,0
BRDA:121,8,0,0
BRDA:121,8,1,0
BRDA:121,9,0,0
BRDA:121,9,1,0
BRDA:121,9,2,0
BRF:23
BRH:0
end_of_record
TN:
SF:src\static\js\modules\progress-tracker.js
FN:6,(anonymous_0)
FN:16,saveProgress
FN:39,loadProgress
FN:60,formatTime
FN:76,calculateTimeRemaining
FN:103,(anonymous_5)
FN:127,(anonymous_6)
FN:162,(anonymous_7)
FN:202,(anonymous_8)
FN:213,(anonymous_9)
FN:217,(anonymous_10)
FN:221,(anonymous_11)
FN:226,(anonymous_12)
FN:230,(anonymous_13)
FN:234,(anonymous_14)
FN:245,(anonymous_15)
FN:257,(anonymous_16)
FN:268,(anonymous_17)
FN:288,(anonymous_18)
FN:313,(anonymous_19)
FN:325,(anonymous_20)
FN:341,(anonymous_21)
FN:341,(anonymous_22)
FN:343,(anonymous_23)
FNF:24
FNH:0
FNDA:0,(anonymous_0)
FNDA:0,saveProgress
FNDA:0,loadProgress
FNDA:0,formatTime
FNDA:0,calculateTimeRemaining
FNDA:0,(anonymous_5)
FNDA:0,(anonymous_6)
FNDA:0,(anonymous_7)
FNDA:0,(anonymous_8)
FNDA:0,(anonymous_9)
FNDA:0,(anonymous_10)
FNDA:0,(anonymous_11)
FNDA:0,(anonymous_12)
FNDA:0,(anonymous_13)
FNDA:0,(anonymous_14)
FNDA:0,(anonymous_15)
FNDA:0,(anonymous_16)
FNDA:0,(anonymous_17)
FNDA:0,(anonymous_18)
FNDA:0,(anonymous_19)
FNDA:0,(anonymous_20)
FNDA:0,(anonymous_21)
FNDA:0,(anonymous_22)
FNDA:0,(anonymous_23)
DA:6,0
DA:8,0
DA:9,0
DA:10,0
DA:11,0
DA:12,0
DA:13,0
DA:17,0
DA:27,0
DA:30,0
DA:40,0
DA:41,0
DA:42,0
DA:43,0
DA:44,0
DA:45,0
DA:46,0
DA:47,0
DA:48,0
DA:49,0
DA:51,0
DA:53,0
DA:54,0
DA:57,0
DA:61,0
DA:63,0
DA:64,0
DA:65,0
DA:67,0
DA:68,0
DA:69,0
DA:70,0
DA:72,0
DA:77,0
DA:78,0
DA:82,0
DA:83,0
DA:85,0
DA:86,0
DA:87,0
DA:88,0
DA:92,0
DA:94,0
DA:95,0
DA:96,0
DA:98,0
DA:102,0
DA:104,0
DA:107,0
DA:109,0
DA:110,0
DA:111,0
DA:112,0
DA:113,0
DA:114,0
DA:118,0
DA:120,0
DA:129,0
DA:130,0
DA:131,0
DA:132,0
DA:133,0
DA:135,0
DA:139,0
DA:142,0
DA:145,0
DA:146,0
DA:150,0
DA:153,0
DA:155,0
DA:163,0
DA:164,0
DA:165,0
DA:169,0
DA:170,0
DA:171,0
DA:172,0
DA:173,0
DA:175,0
DA:179,0
DA:182,0
DA:185,0
DA:186,0
DA:190,0
DA:193,0
DA:195,0
DA:203,0
DA:208,0
DA:210,0
DA:214,0
DA:218,0
DA:222,0
DA:223,0
DA:227,0
DA:231,0
DA:235,0
DA:246,0
DA:248,0
DA:249,0
DA:250,0
DA:254,0
DA:259,0
DA:260,0
DA:261,0
DA:262,0
DA:266,0
DA:267,0
DA:268,0
DA:269,0
DA:271,0
DA:273,0
DA:274,0
DA:275,0
DA:276,0
DA:282,0
DA:283,0
DA:284,0
DA:285,0
DA:287,0
DA:288,0
DA:289,0
DA:291,0
DA:293,0
DA:294,0
DA:295,0
DA:296,0
DA:302,0
DA:303,0
DA:304,0
DA:307,0
DA:308,0
DA:309,0
DA:314,0
DA:315,0
DA:316,0
DA:317,0
DA:318,0
DA:319,0
DA:320,0
DA:322,0
DA:326,0
DA:327,0
DA:328,0
DA:330,0
DA:341,0
DA:343,0
DA:349,0
LF:147
LH:0
BRDA:41,0,0,0
BRDA:41,0,1,0
BRDA:44,1,0,0
BRDA:44,1,1,0
BRDA:45,2,0,0
BRDA:45,2,1,0
BRDA:46,3,0,0
BRDA:46,3,1,0
BRDA:47,4,0,0
BRDA:47,4,1,0
BRDA:48,5,0,0
BRDA:48,5,1,0
BRDA:49,6,0,0
BRDA:49,6,1,0
BRDA:61,7,0,0
BRDA:61,7,1,0
BRDA:67,8,0,0
BRDA:67,8,1,0
BRDA:68,9,0,0
BRDA:68,9,1,0
BRDA:68,10,0,0
BRDA:68,10,1,0
BRDA:69,11,0,0
BRDA:69,11,1,0
BRDA:70,12,0,0
BRDA:70,12,1,0
BRDA:70,13,0,0
BRDA:70,13,1,0
BRDA:72,14,0,0
BRDA:72,14,1,0
BRDA:77,15,0,0
BRDA:77,15,1,0
BRDA:77,16,0,0
BRDA:77,16,1,0
BRDA:86,17,0,0
BRDA:86,17,1,0
BRDA:92,18,0,0
BRDA:92,18,1,0
BRDA:107,19,0,0
BRDA:107,19,1,0
BRDA:127,20,0,0
BRDA:129,21,0,0
BRDA:129,21,1,0
BRDA:131,22,0,0
BRDA:131,22,1,0
BRDA:145,23,0,0
BRDA:145,23,1,0
BRDA:162,24,0,0
BRDA:163,25,0,0
BRDA:163,25,1,0
BRDA:163,26,0,0
BRDA:163,26,1,0
BRDA:169,27,0,0
BRDA:169,27,1,0
BRDA:171,28,0,0
BRDA:171,28,1,0
BRDA:185,29,0,0
BRDA:185,29,1,0
BRDA:202,30,0,0
BRDA:218,31,0,0
BRDA:218,31,1,0
BRDA:227,32,0,0
BRDA:227,32,1,0
BRDA:249,33,0,0
BRDA:249,33,1,0
BRDA:249,34,0,0
BRDA:249,34,1,0
BRDA:260,35,0,0
BRDA:260,35,1,0
BRDA:267,36,0,0
BRDA:267,36,1,0
BRDA:273,37,0,0
BRDA:273,37,1,0
BRDA:275,38,0,0
BRDA:275,38,1,0
BRDA:283,39,0,0
BRDA:283,39,1,0
BRDA:293,40,0,0
BRDA:293,40,1,0
BRDA:295,41,0,0
BRDA:295,41,1,0
BRDA:303,42,0,0
BRDA:303,42,1,0
BRDA:308,43,0,0
BRDA:308,43,1,0
BRDA:327,44,0,0
BRDA:327,44,1,0
BRF:87
BRH:0
end_of_record
TN:
SF:src\static\js\modules\rebate-calculator.js
FN:6,(anonymous_0)
FN:17,calculatePhaseOut
FN:54,(anonymous_2)
FN:112,(anonymous_3)
FN:134,(anonymous_4)
FN:263,(anonymous_5)
FN:275,(anonymous_6)
FN:282,(anonymous_7)
FN:344,(anonymous_8)
FN:354,(anonymous_9)
FN:361,(anonymous_10)
FNF:11
FNH:0
FNDA:0,(anonymous_0)
FNDA:0,calculatePhaseOut
FNDA:0,(anonymous_2)
FNDA:0,(anonymous_3)
FNDA:0,(anonymous_4)
FNDA:0,(anonymous_5)
FNDA:0,(anonymous_6)
FNDA:0,(anonymous_7)
FNDA:0,(anonymous_8)
FNDA:0,(anonymous_9)
FNDA:0,(anonymous_10)
DA:6,0
DA:8,0
DA:9,0
DA:10,0
DA:11,0
DA:12,0
DA:13,0
DA:14,0
DA:20,0
DA:23,0
DA:24,0
DA:25,0
DA:27,0
DA:28,0
DA:29,0
DA:32,0
DA:33,0
DA:34,0
DA:36,0
DA:39,0
DA:40,0
DA:41,0
DA:42,0
DA:45,0
DA:46,0
DA:47,0
DA:52,0
DA:61,0
DA:64,0
DA:65,0
DA:76,0
DA:79,0
DA:82,0
DA:85,0
DA:88,0
DA:89,0
DA:90,0
DA:91,0
DA:93,0
DA:95,0
DA:96,0
DA:98,0
DA:101,0
DA:113,0
DA:115,0
DA:119,0
DA:120,0
DA:123,0
DA:124,0
DA:126,0
DA:130,0
DA:140,0
DA:142,0
DA:145,0
DA:152,0
DA:153,0
DA:155,0
DA:158,0
DA:159,0
DA:162,0
DA:169,0
DA:178,0
DA:181,0
DA:182,0
DA:183,0
DA:185,0
DA:186,0
DA:187,0
DA:190,0
DA:191,0
DA:192,0
DA:195,0
DA:196,0
DA:198,0
DA:199,0
DA:200,0
DA:201,0
DA:203,0
DA:204,0
DA:205,0
DA:206,0
DA:208,0
DA:215,0
DA:222,0
DA:229,0
DA:230,0
DA:235,0
DA:241,0
DA:248,0
DA:257,0
DA:259,0
DA:264,0
DA:265,0
DA:266,0
DA:267,0
DA:268,0
DA:269,0
DA:270,0
DA:276,0
DA:277,0
DA:279,0
DA:282,0
DA:283,0
DA:286,0
DA:287,0
DA:288,0
DA:289,0
DA:290,0
DA:293,0
DA:302,0
DA:311,0
DA:338,0
DA:341,0
DA:344,0
DA:346,0
DA:349,0
DA:350,0
DA:351,0
DA:354,0
DA:355,0
DA:356,0
DA:361,0
DA:362,0
DA:363,0
DA:365,0
DA:366,0
LF:126
LH:0
BRDA:20,0,0,0
BRDA:20,0,1,0
BRDA:20,0,2,0
BRDA:20,0,3,0
BRDA:20,0,4,0
BRDA:20,0,5,0
BRDA:39,1,0,0
BRDA:39,1,1,0
BRDA:41,2,0,0
BRDA:41,2,1,0
BRDA:64,3,0,0
BRDA:64,3,1,0
BRDA:64,4,0,0
BRDA:64,4,1,0
BRDA:85,5,0,0
BRDA:85,5,1,0
BRDA:89,6,0,0
BRDA:89,6,1,0
BRDA:90,7,0,0
BRDA:90,7,1,0
BRDA:95,8,0,0
BRDA:95,8,1,0
BRDA:104,9,0,0
BRDA:104,9,1,0
BRDA:115,10,0,0
BRDA:115,10,1,0
BRDA:115,10,2,0
BRDA:115,10,3,0
BRDA:115,10,4,0
BRDA:115,10,5,0
BRDA:130,11,0,0
BRDA:130,11,1,0
BRDA:152,12,0,0
BRDA:152,12,1,0
BRDA:158,13,0,0
BRDA:158,13,1,0
BRDA:178,14,0,0
BRDA:178,14,1,0
BRDA:178,14,2,0
BRDA:178,14,3,0
BRDA:178,14,4,0
BRDA:198,15,0,0
BRDA:198,15,1,0
BRDA:200,16,0,0
BRDA:200,16,1,0
BRDA:229,17,0,0
BRDA:229,17,1,0
BRDA:264,18,0,0
BRDA:264,18,1,0
BRDA:264,18,2,0
BRDA:264,18,3,0
BRDA:264,18,4,0
BRDA:264,18,5,0
BRDA:279,19,0,0
BRDA:279,19,1,0
BRDA:279,20,0,0
BRDA:279,20,1,0
BRDA:287,21,0,0
BRDA:287,21,1,0
BRDA:289,22,0,0
BRDA:289,22,1,0
BRDA:290,23,0,0
BRDA:290,23,1,0
BRDA:312,24,0,0
BRDA:312,24,1,0
BRDA:363,25,0,0
BRDA:363,25,1,0
BRDA:365,26,0,0
BRDA:365,26,1,0
BRF:69
BRH:0
end_of_record
TN:
SF:src\static\js\modules\virtual-assistant.js
FN:6,(anonymous_0)
FN:243,detectIntent
FN:258,(anonymous_2)
FN:272,calculateSimilarity
FN:289,findBestResponse
FN:310,getRandomGreeting
FN:315,getRandomFallback
FN:322,(anonymous_7)
FN:370,(anonymous_8)
FN:378,(anonymous_9)
FN:384,(anonymous_10)
FN:388,(anonymous_11)
FN:389,(anonymous_12)
FN:399,(anonymous_13)
FN:423,(anonymous_14)
FN:435,(anonymous_15)
FN:459,(anonymous_16)
FN:513,(anonymous_17)
FN:524,(anonymous_18)
FN:525,(anonymous_19)
FN:532,(anonymous_20)
FN:541,(anonymous_21)
FN:559,(anonymous_22)
FN:600,(anonymous_23)
FN:606,(anonymous_24)
FN:618,(anonymous_25)
FN:635,(anonymous_26)
FNF:27
FNH:0
FNDA:0,(anonymous_0)
FNDA:0,detectIntent
FNDA:0,(anonymous_2)
FNDA:0,calculateSimilarity
FNDA:0,findBestResponse
FNDA:0,getRandomGreeting
FNDA:0,getRandomFallback
FNDA:0,(anonymous_7)
FNDA:0,(anonymous_8)
FNDA:0,(anonymous_9)
FNDA:0,(anonymous_10)
FNDA:0,(anonymous_11)
FNDA:0,(anonymous_12)
FNDA:0,(anonymous_13)
FNDA:0,(anonymous_14)
FNDA:0,(anonymous_15)
FNDA:0,(anonymous_16)
FNDA:0,(anonymous_17)
FNDA:0,(anonymous_18)
FNDA:0,(anonymous_19)
FNDA:0,(anonymous_20)
FNDA:0,(anonymous_21)
FNDA:0,(anonymous_22)
FNDA:0,(anonymous_23)
FNDA:0,(anonymous_24)
FNDA:0,(anonymous_25)
FNDA:0,(anonymous_26)
DA:6,0
DA:8,0
DA:174,0
DA:227,0
DA:235,0
DA:244,0
DA:247,0
DA:248,0
DA:249,0
DA:254,0
DA:255,0
DA:257,0
DA:258,0
DA:260,0
DA:261,0
DA:262,0
DA:263,0
DA:264,0
DA:269,0
DA:274,0
DA:275,0
DA:277,0
DA:278,0
DA:280,0
DA:281,0
DA:282,0
DA:286,0
DA:290,0
DA:291,0
DA:294,0
DA:295,0
DA:296,0
DA:298,0
DA:299,0
DA:300,0
DA:301,0
DA:302,0
DA:307,0
DA:311,0
DA:312,0
DA:316,0
DA:317,0
DA:321,0
DA:323,0
DA:324,0
DA:327,0
DA:360,0
DA:363,0
DA:364,0
DA:365,0
DA:366,0
DA:367,0
DA:370,0
DA:371,0
DA:372,0
DA:373,0
DA:374,0
DA:378,0
DA:379,0
DA:380,0
DA:384,0
DA:385,0
DA:388,0
DA:389,0
DA:390,0
DA:391,0
DA:396,0
DA:401,0
DA:404,0
DA:405,0
DA:408,0
DA:409,0
DA:410,0
DA:419,0
DA:420,0
DA:423,0
DA:425,0
DA:428,0
DA:431,0
DA:436,0
DA:437,0
DA:439,0
DA:440,0
DA:447,0
DA:455,0
DA:456,0
DA:461,0
DA:462,0
DA:464,0
DA:466,0
DA:468,0
DA:473,0
DA:475,0
DA:480,0
DA:482,0
DA:487,0
DA:489,0
DA:494,0
DA:496,0
DA:501,0
DA:503,0
DA:510,0
DA:513,0
DA:519,0
DA:520,0
DA:523,0
DA:524,0
DA:525,0
DA:526,0
DA:527,0
DA:533,0
DA:534,0
DA:535,0
DA:538,0
DA:539,0
DA:540,0
DA:541,0
DA:542,0
DA:547,0
DA:550,0
DA:553,0
DA:560,0
DA:561,0
DA:562,0
DA:563,0
DA:565,0
DA:568,0
DA:569,0
DA:570,0
DA:571,0
DA:572,0
DA:575,0
DA:576,0
DA:577,0
DA:578,0
DA:595,0
DA:600,0
DA:601,0
DA:602,0
DA:606,0
DA:607,0
DA:608,0
DA:610,0
DA:612,0
DA:613,0
DA:618,0
DA:619,0
DA:620,0
DA:623,0
DA:624,0
DA:625,0
DA:628,0
DA:629,0
DA:630,0
DA:635,0
DA:637,0
DA:638,0
DA:639,0
LF:158
LH:0
BRDA:248,0,0,0
BRDA:248,0,1,0
BRDA:262,1,0,0
BRDA:262,1,1,0
BRDA:262,2,0,0
BRDA:262,2,1,0
BRDA:269,3,0,0
BRDA:269,3,1,0
BRDA:281,4,0,0
BRDA:281,4,1,0
BRDA:281,5,0,0
BRDA:281,5,1,0
BRDA:290,6,0,0
BRDA:290,6,1,0
BRDA:300,7,0,0
BRDA:300,7,1,0
BRDA:307,8,0,0
BRDA:307,8,1,0
BRDA:324,9,0,0
BRDA:324,9,1,0
BRDA:372,10,0,0
BRDA:372,10,1,0
BRDA:379,11,0,0
BRDA:379,11,1,0
BRDA:439,12,0,0
BRDA:439,12,1,0
BRDA:466,13,0,0
BRDA:466,13,1,0
BRDA:466,13,2,0
BRDA:466,13,3,0
BRDA:466,13,4,0
BRDA:466,13,5,0
BRDA:534,14,0,0
BRDA:534,14,1,0
BRDA:538,15,0,0
BRDA:538,15,1,0
BRDA:540,16,0,0
BRDA:540,16,1,0
BRDA:565,17,0,0
BRDA:565,17,1,0
BRDA:568,18,0,0
BRDA:568,18,1,0
BRDA:575,19,0,0
BRDA:575,19,1,0
BRDA:610,20,0,0
BRDA:610,20,1,0
BRDA:628,21,0,0
BRDA:628,21,1,0
BRF:48
BRH:0
end_of_record
TN:
SF:src\static\js\modules\walkthrough.js
FN:6,(anonymous_0)
FN:920,(anonymous_1)
FN:937,(anonymous_2)
FN:943,(anonymous_3)
FN:949,(anonymous_4)
FN:950,(anonymous_5)
FN:964,(anonymous_6)
FN:1015,(anonymous_7)
FN:1018,(anonymous_8)
FN:1024,(anonymous_9)
FN:1027,(anonymous_10)
FN:1034,(anonymous_11)
FN:1048,(anonymous_12)
FN:1053,(anonymous_13)
FN:1055,(anonymous_14)
FN:1061,(anonymous_15)
FN:1064,(anonymous_16)
FN:1074,(anonymous_17)
FN:1079,(anonymous_18)
FN:1118,(anonymous_19)
FN:1149,(anonymous_20)
FN:1172,(anonymous_21)
FN:1182,(anonymous_22)
FN:1183,(anonymous_23)
FN:1198,(anonymous_24)
FN:1225,(anonymous_25)
FN:1238,(anonymous_26)
FN:1280,(anonymous_27)
FN:1281,(anonymous_28)
FN:1290,(anonymous_29)
FNF:30
FNH:0
FNDA:0,(anonymous_0)
FNDA:0,(anonymous_1)
FNDA:0,(anonymous_2)
FNDA:0,(anonymous_3)
FNDA:0,(anonymous_4)
FNDA:0,(anonymous_5)
FNDA:0,(anonymous_6)
FNDA:0,(anonymous_7)
FNDA:0,(anonymous_8)
FNDA:0,(anonymous_9)
FNDA:0,(anonymous_10)
FNDA:0,(anonymous_11)
FNDA:0,(anonymous_12)
FNDA:0,(anonymous_13)
FNDA:0,(anonymous_14)
FNDA:0,(anonymous_15)
FNDA:0,(anonymous_16)
FNDA:0,(anonymous_17)
FNDA:0,(anonymous_18)
FNDA:0,(anonymous_19)
FNDA:0,(anonymous_20)
FNDA:0,(anonymous_21)
FNDA:0,(anonymous_22)
FNDA:0,(anonymous_23)
FNDA:0,(anonymous_24)
FNDA:0,(anonymous_25)
FNDA:0,(anonymous_26)
FNDA:0,(anonymous_27)
FNDA:0,(anonymous_28)
FNDA:0,(anonymous_29)
DA:6,0
DA:8,0
DA:9,0
DA:12,0
DA:918,0
DA:921,0
DA:922,0
DA:923,0
DA:924,0
DA:927,0
DA:929,0
DA:930,0
DA:933,0
DA:934,0
DA:936,0
DA:937,0
DA:939,0
DA:942,0
DA:943,0
DA:945,0
DA:949,0
DA:950,0
DA:954,0
DA:956,0
DA:958,0
DA:959,0
DA:966,0
DA:968,0
DA:969,0
DA:970,0
DA:1012,0
DA:1015,0
DA:1016,0
DA:1017,0
DA:1018,0
DA:1019,0
DA:1020,0
DA:1024,0
DA:1025,0
DA:1026,0
DA:1027,0
DA:1028,0
DA:1035,0
DA:1036,0
DA:1037,0
DA:1045,0
DA:1048,0
DA:1049,0
DA:1053,0
DA:1054,0
DA:1055,0
DA:1056,0
DA:1061,0
DA:1062,0
DA:1063,0
DA:1064,0
DA:1065,0
DA:1066,0
DA:1076,0
DA:1079,0
DA:1114,0
DA:1119,0
DA:1120,0
DA:1121,0
DA:1122,0
DA:1125,0
DA:1126,0
DA:1129,0
DA:1130,0
DA:1131,0
DA:1132,0
DA:1133,0
DA:1134,0
DA:1137,0
DA:1138,0
DA:1139,0
DA:1143,0
DA:1144,0
DA:1145,0
DA:1148,0
DA:1149,0
DA:1161,0
DA:1165,0
DA:1166,0
DA:1167,0
DA:1172,0
DA:1173,0
DA:1174,0
DA:1175,0
DA:1176,0
DA:1177,0
DA:1182,0
DA:1183,0
DA:1184,0
DA:1185,0
DA:1186,0
DA:1190,0
DA:1192,0
DA:1193,0
DA:1199,0
DA:1200,0
DA:1201,0
DA:1204,0
DA:1205,0
DA:1206,0
DA:1208,0
DA:1209,0
DA:1210,0
DA:1213,0
DA:1214,0
DA:1215,0
DA:1216,0
DA:1219,0
DA:1220,0
DA:1226,0
DA:1227,0
DA:1228,0
DA:1230,0
DA:1232,0
DA:1233,0
DA:1239,0
DA:1240,0
DA:1241,0
DA:1242,0
DA:1246,0
DA:1247,0
DA:1250,0
DA:1251,0
DA:1252,0
DA:1254,0
DA:1257,0
DA:1275,0
DA:1278,0
DA:1279,0
DA:1280,0
DA:1281,0
DA:1282,0
DA:1283,0
DA:1290,0
DA:1291,0
DA:1292,0
DA:1296,0
DA:1298,0
DA:1299,0
LF:144
LH:0
BRDA:922,0,0,0
BRDA:922,0,1,0
BRDA:936,1,0,0
BRDA:936,1,1,0
BRDA:942,2,0,0
BRDA:942,2,1,0
BRDA:966,3,0,0
BRDA:966,3,1,0
BRDA:1062,4,0,0
BRDA:1062,4,1,0
BRDA:1065,5,0,0
BRDA:1065,5,1,0
BRDA:1120,6,0,0
BRDA:1120,6,1,0
BRDA:1120,7,0,0
BRDA:1120,7,1,0
BRDA:1137,8,0,0
BRDA:1137,8,1,0
BRDA:1137,9,0,0
BRDA:1137,9,1,0
BRDA:1137,9,2,0
BRDA:1137,9,3,0
BRDA:1137,9,4,0
BRDA:1137,9,5,0
BRDA:1148,10,0,0
BRDA:1148,10,1,0
BRDA:1148,11,0,0
BRDA:1148,11,1,0
BRDA:1166,12,0,0
BRDA:1166,12,1,0
BRDA:1167,13,0,0
BRDA:1167,13,1,0
BRDA:1174,14,0,0
BRDA:1174,14,1,0
BRDA:1176,15,0,0
BRDA:1176,15,1,0
BRDA:1200,16,0,0
BRDA:1200,16,1,0
BRDA:1208,17,0,0
BRDA:1208,17,1,0
BRDA:1208,18,0,0
BRDA:1208,18,1,0
BRDA:1208,18,2,0
BRDA:1227,19,0,0
BRDA:1227,19,1,0
BRDA:1240,20,0,0
BRDA:1240,20,1,0
BRDA:1252,21,0,0
BRDA:1252,21,1,0
BRDA:1279,22,0,0
BRDA:1279,22,1,0
BRDA:1279,23,0,0
BRDA:1279,23,1,0
BRDA:1282,24,0,0
BRDA:1282,24,1,0
BRDA:1291,25,0,0
BRDA:1291,25,1,0
BRDA:1291,26,0,0
BRDA:1291,26,1,0
BRF:59
BRH:0
end_of_record
